app/build/intermediates/manifest_merge_blame_file/debug/manifest-merger-blame-debug-report.txt
1<?xml version="1.0" encoding="utf-8"?>
2<manifest xmlns:android="http://schemas.android.com/apk/res/android"
3    package="nl.psdcompany.duonavigationdrawer.example"
4    android:versionCode="1"
5    android:versionName="1.0" >
6
7    <uses-sdk
8        android:minSdkVersion="15"
8-->src/main/AndroidManifest.xml
9        android:targetSdkVersion="28" />
9-->src/main/AndroidManifest.xml
10
11    <application
11-->src/main/AndroidManifest.xml:5:5-18:19
12        android:allowBackup="true"
12-->src/main/AndroidManifest.xml:6:9-35
13        android:appComponentFactory="androidx.core.app.CoreComponentFactory"
13-->[androidx.core:core:1.1.0-alpha04] AndroidManifest.xml:22:18-86
14        android:debuggable="true"
15        android:icon="@mipmap/ic_launcher"
15-->src/main/AndroidManifest.xml:7:9-43
16        android:label="@string/app_name"
16-->src/main/AndroidManifest.xml:8:9-41
17        android:roundIcon="@mipmap/ic_launcher_round"
17-->src/main/AndroidManifest.xml:9:9-54
18        android:testOnly="true"
19        android:theme="@style/AppTheme.NoActionBar" >
19-->src/main/AndroidManifest.xml:10:9-52
20        <activity
20-->src/main/AndroidManifest.xml:11:9-17:20
21            android:name="nl.psdcompany.duonavigationdrawer.example.MainActivity"
21-->src/main/AndroidManifest.xml:11:19-47
22            android:label="@string/app_name" >
22-->src/main/AndroidManifest.xml:12:19-51
23            <intent-filter>
23-->src/main/AndroidManifest.xml:13:13-16:29
24                <action android:name="android.intent.action.MAIN" />
24-->src/main/AndroidManifest.xml:14:17-68
24-->src/main/AndroidManifest.xml:14:25-66
25
26                <category android:name="android.intent.category.LAUNCHER" />
26-->src/main/AndroidManifest.xml:15:17-76
26-->src/main/AndroidManifest.xml:15:27-74
27            </intent-filter>
28        </activity>
29    </application>
30
31</manifest>